<?xml version="1.0" encoding="UTF-8"?>
<testng-results ignored="0" total="2" passed="2" failed="0" skipped="0">
  <reporter-output>
  </reporter-output>
  <suite started-at="2025-05-17T14:36:45 IST" name="Default suite" finished-at="2025-05-17T14:36:45 IST" duration-ms="156">
    <groups>
    </groups>
    <test started-at="2025-05-17T14:36:45 IST" name="Default test" finished-at="2025-05-17T14:36:45 IST" duration-ms="156">
      <class name="exel.TestNg">
        <test-method is-config="true" signature="ab()[pri:0, instance:exel.TestNg@fbd1f6]" started-at="2025-05-17T14:36:45 IST" name="ab" finished-at="2025-05-17T14:36:45 IST" duration-ms="21" status="PASS">
          <reporter-output>
          </reporter-output>
        </test-method> <!-- ab -->
        <test-method is-config="true" signature="a()[pri:0, instance:exel.TestNg@fbd1f6]" started-at="2025-05-17T14:36:45 IST" name="a" finished-at="2025-05-17T14:36:45 IST" duration-ms="1" status="PASS">
          <reporter-output>
          </reporter-output>
        </test-method> <!-- a -->
        <test-method is-config="true" signature="abc()[pri:0, instance:exel.TestNg@fbd1f6]" started-at="2025-05-17T14:36:45 IST" name="abc" finished-at="2025-05-17T14:36:45 IST" duration-ms="2" status="PASS">
          <reporter-output>
          </reporter-output>
        </test-method> <!-- abc -->
        <test-method signature="b()[pri:0, instance:exel.TestNg@fbd1f6]" started-at="2025-05-17T14:36:45 IST" name="b" finished-at="2025-05-17T14:36:45 IST" duration-ms="18" status="PASS">
          <reporter-output>
          </reporter-output>
        </test-method> <!-- b -->
        <test-method is-config="true" signature="abc()[pri:0, instance:exel.TestNg@fbd1f6]" started-at="2025-05-17T14:36:45 IST" name="abc" finished-at="2025-05-17T14:36:45 IST" duration-ms="1" status="PASS">
          <reporter-output>
          </reporter-output>
        </test-method> <!-- abc -->
        <test-method signature="c()[pri:0, instance:exel.TestNg@fbd1f6]" started-at="2025-05-17T14:36:45 IST" name="c" finished-at="2025-05-17T14:36:45 IST" duration-ms="8" status="PASS">
          <reporter-output>
          </reporter-output>
        </test-method> <!-- c -->
      </class> <!-- exel.TestNg -->
    </test> <!-- Default test -->
  </suite> <!-- Default suite -->
</testng-results>
