<?xml version="1.0" encoding="UTF-8"?>
<testng-results ignored="0" total="2" passed="2" failed="0" skipped="0">
  <reporter-output>
  </reporter-output>
  <suite started-at="2025-05-06T14:59:44 IST" name="Default suite" finished-at="2025-05-06T14:59:44 IST" duration-ms="109">
    <groups>
    </groups>
    <test started-at="2025-05-06T14:59:44 IST" name="Default test" finished-at="2025-05-06T14:59:44 IST" duration-ms="109">
      <class name="exel.TestNg">
        <test-method is-config="true" signature="a()[pri:0, instance:exel.TestNg@2f4948e4]" started-at="2025-05-06T14:59:44 IST" name="a" finished-at="2025-05-06T14:59:44 IST" duration-ms="17" status="PASS">
          <reporter-output>
          </reporter-output>
        </test-method> <!-- a -->
        <test-method signature="b()[pri:0, instance:exel.TestNg@2f4948e4]" started-at="2025-05-06T14:59:44 IST" name="b" finished-at="2025-05-06T14:59:44 IST" duration-ms="13" status="PASS">
          <reporter-output>
          </reporter-output>
        </test-method> <!-- b -->
        <test-method signature="c()[pri:0, instance:exel.TestNg@2f4948e4]" started-at="2025-05-06T14:59:44 IST" name="c" finished-at="2025-05-06T14:59:44 IST" duration-ms="5" status="PASS">
          <reporter-output>
          </reporter-output>
        </test-method> <!-- c -->
      </class> <!-- exel.TestNg -->
    </test> <!-- Default test -->
  </suite> <!-- Default suite -->
</testng-results>
