<?xml version="1.0" encoding="UTF-8"?>
<!-- Generated by org.testng.reporters.JUnitReportReporter -->
<testsuite hostname="DESKTOP-ADS3JVM" failures="0" tests="1" name="OverridinChild" time="0.080" errors="1" timestamp="2025-05-14T18:13:15 IST" skipped="0">
  <testcase classname="OverridinChild" name="task" time="0.080">
    <error type="java.lang.StackOverflowError">
      <![CDATA[java.lang.StackOverflowError
at OverridinChild.task(OverridinChild.java:7)
at OverridinChild.task(OverridinChild.java:7)
at OverridinChild.task(OverridinChild.java:7)
at OverridinChild.task(OverridinChild.java:7)
at OverridinChild.task(OverridinChild.java:7)
at OverridinChild.task(OverridinChild.java:7)
at OverridinChild.task(OverridinChild.java:7)
at OverridinChild.task(OverridinChild.java:7)
at OverridinChild.task(OverridinChild.java:7)
at OverridinChild.task(OverridinChild.java:7)
at OverridinChild.task(OverridinChild.java:7)
at OverridinChild.task(OverridinChild.java:7)
at OverridinChild.task(OverridinChild.java:7)
at OverridinChild.task(OverridinChild.java:7)
at OverridinChild.task(OverridinChild.java:7)
at OverridinChild.task(OverridinChild.java:7)
at OverridinChild.task(OverridinChild.java:7)
at OverridinChild.task(OverridinChild.java:7)
at OverridinChild.task(OverridinChild.java:7)
at OverridinChild.task(OverridinChild.java:7)
at OverridinChild.task(OverridinChild.java:7)
at OverridinChild.task(OverridinChild.java:7)
at OverridinChild.task(OverridinChild.java:7)
at OverridinChild.task(OverridinChild.java:7)
at OverridinChild.task(OverridinChild.java:7)
at OverridinChild.task(OverridinChild.java:7)
at OverridinChild.task(OverridinChild.java:7)
at OverridinChild.task(OverridinChild.java:7)
at OverridinChild.task(OverridinChild.java:7)
at OverridinChild.task(OverridinChild.java:7)
at OverridinChild.task(OverridinChild.java:7)
at OverridinChild.task(OverridinChild.java:7)
at OverridinChild.task(OverridinChild.java:7)
at OverridinChild.task(OverridinChild.java:7)
at OverridinChild.task(OverridinChild.java:7)
at OverridinChild.task(OverridinChild.java:7)
at OverridinChild.task(OverridinChild.java:7)
at OverridinChild.task(OverridinChild.java:7)
at OverridinChild.task(OverridinChild.java:7)
at OverridinChild.task(OverridinChild.java:7)
at OverridinChild.task(OverridinChild.java:7)
at OverridinChild.task(OverridinChild.java:7)
at OverridinChild.task(OverridinChild.java:7)
at OverridinChild.task(OverridinChild.java:7)
at OverridinChild.task(OverridinChild.java:7)
at OverridinChild.task(OverridinChild.java:7)
at OverridinChild.task(OverridinChild.java:7)
at OverridinChild.task(OverridinChild.java:7)
at OverridinChild.task(OverridinChild.java:7)
at OverridinChild.task(OverridinChild.java:7)
at OverridinChild.task(OverridinChild.java:7)
at OverridinChild.task(OverridinChild.java:7)
at OverridinChild.task(OverridinChild.java:7)
at OverridinChild.task(OverridinChild.java:7)
at OverridinChild.task(OverridinChild.java:7)
at OverridinChild.task(OverridinChild.java:7)
at OverridinChild.task(OverridinChild.java:7)
at OverridinChild.task(OverridinChild.java:7)
at OverridinChild.task(OverridinChild.java:7)
at OverridinChild.task(OverridinChild.java:7)
at OverridinChild.task(OverridinChild.java:7)
at OverridinChild.task(OverridinChild.java:7)
at OverridinChild.task(OverridinChild.java:7)
at OverridinChild.task(OverridinChild.java:7)
at OverridinChild.task(OverridinChild.java:7)
at OverridinChild.task(OverridinChild.java:7)
at OverridinChild.task(OverridinChild.java:7)
at OverridinChild.task(OverridinChild.java:7)
at OverridinChild.task(OverridinChild.java:7)
at OverridinChild.task(OverridinChild.java:7)
at OverridinChild.task(OverridinChild.java:7)
at OverridinChild.task(OverridinChild.java:7)
at OverridinChild.task(OverridinChild.java:7)
at OverridinChild.task(OverridinChild.java:7)
at OverridinChild.task(OverridinChild.java:7)
at OverridinChild.task(OverridinChild.java:7)
at OverridinChild.task(OverridinChild.java:7)
at OverridinChild.task(OverridinChild.java:7)
at OverridinChild.task(OverridinChild.java:7)
at OverridinChild.task(OverridinChild.java:7)
at OverridinChild.task(OverridinChild.java:7)
at OverridinChild.task(OverridinChild.java:7)
at OverridinChild.task(OverridinChild.java:7)
at OverridinChild.task(OverridinChild.java:7)
at OverridinChild.task(OverridinChild.java:7)
at OverridinChild.task(OverridinChild.java:7)
at OverridinChild.task(OverridinChild.java:7)
at OverridinChild.task(OverridinChild.java:7)
at OverridinChild.task(OverridinChild.java:7)
at OverridinChild.task(OverridinChild.java:7)
at OverridinChild.task(OverridinChild.java:7)
at OverridinChild.task(OverridinChild.java:7)
at OverridinChild.task(OverridinChild.java:7)
at OverridinChild.task(OverridinChild.java:7)
at OverridinChild.task(OverridinChild.java:7)
at OverridinChild.task(OverridinChild.java:7)
at OverridinChild.task(OverridinChild.java:7)
at OverridinChild.task(OverridinChild.java:7)
at OverridinChild.task(OverridinChild.java:7)
at OverridinChild.task(OverridinChild.java:7)
at OverridinChild.task(OverridinChild.java:7)
at OverridinChild.task(OverridinChild.java:7)
at OverridinChild.task(OverridinChild.java:7)
at OverridinChild.task(OverridinChild.java:7)
at OverridinChild.task(OverridinChild.java:7)
at OverridinChild.task(OverridinChild.java:7)
at OverridinChild.task(OverridinChild.java:7)
at OverridinChild.task(OverridinChild.java:7)
at OverridinChild.task(OverridinChild.java:7)
at OverridinChild.task(OverridinChild.java:7)
at OverridinChild.task(OverridinChild.java:7)
at OverridinChild.task(OverridinChild.java:7)
at OverridinChild.task(OverridinChild.java:7)
at OverridinChild.task(OverridinChild.java:7)
at OverridinChild.task(OverridinChild.java:7)
at OverridinChild.task(OverridinChild.java:7)
at OverridinChild.task(OverridinChild.java:7)
at OverridinChild.task(OverridinChild.java:7)
at OverridinChild.task(OverridinChild.java:7)
at OverridinChild.task(OverridinChild.java:7)
at OverridinChild.task(OverridinChild.java:7)
at OverridinChild.task(OverridinChild.java:7)
at OverridinChild.task(OverridinChild.java:7)
at OverridinChild.task(OverridinChild.java:7)
at OverridinChild.task(OverridinChild.java:7)
at OverridinChild.task(OverridinChild.java:7)
at OverridinChild.task(OverridinChild.java:7)
at OverridinChild.task(OverridinChild.java:7)
at OverridinChild.task(OverridinChild.java:7)
at OverridinChild.task(OverridinChild.java:7)
at OverridinChild.task(OverridinChild.java:7)
at OverridinChild.task(OverridinChild.java:7)
at OverridinChild.task(OverridinChild.java:7)
at OverridinChild.task(OverridinChild.java:7)
at OverridinChild.task(OverridinChild.java:7)
at OverridinChild.task(OverridinChild.java:7)
at OverridinChild.task(OverridinChild.java:7)
at OverridinChild.task(OverridinChild.java:7)
at OverridinChild.task(OverridinChild.java:7)
at OverridinChild.task(OverridinChild.java:7)
at OverridinChild.task(OverridinChild.java:7)
at OverridinChild.task(OverridinChild.java:7)
at OverridinChild.task(OverridinChild.java:7)
at OverridinChild.task(OverridinChild.java:7)
at OverridinChild.task(OverridinChild.java:7)
at OverridinChild.task(OverridinChild.java:7)
at OverridinChild.task(OverridinChild.java:7)
at OverridinChild.task(OverridinChild.java:7)
at OverridinChild.task(OverridinChild.java:7)
at OverridinChild.task(OverridinChild.java:7)
at OverridinChild.task(OverridinChild.java:7)
at OverridinChild.task(OverridinChild.java:7)
at OverridinChild.task(OverridinChild.java:7)
at OverridinChild.task(OverridinChild.java:7)
at OverridinChild.task(OverridinChild.java:7)
at OverridinChild.task(OverridinChild.java:7)
at OverridinChild.task(OverridinChild.java:7)
at OverridinChild.task(OverridinChild.java:7)
at OverridinChild.task(OverridinChild.java:7)
at OverridinChild.task(OverridinChild.java:7)
at OverridinChild.task(OverridinChild.java:7)
at OverridinChild.task(OverridinChild.java:7)
at OverridinChild.task(OverridinChild.java:7)
at OverridinChild.task(OverridinChild.java:7)
at OverridinChild.task(OverridinChild.java:7)
at OverridinChild.task(OverridinChild.java:7)
at OverridinChild.task(OverridinChild.java:7)
at OverridinChild.task(OverridinChild.java:7)
at OverridinChild.task(OverridinChild.java:7)
at OverridinChild.task(OverridinChild.java:7)
at OverridinChild.task(OverridinChild.java:7)
at OverridinChild.task(OverridinChild.java:7)
at OverridinChild.task(OverridinChild.java:7)
at OverridinChild.task(OverridinChild.java:7)
at OverridinChild.task(OverridinChild.java:7)
at OverridinChild.task(OverridinChild.java:7)
at OverridinChild.task(OverridinChild.java:7)
at OverridinChild.task(OverridinChild.java:7)
at OverridinChild.task(OverridinChild.java:7)
at OverridinChild.task(OverridinChild.java:7)
at OverridinChild.task(OverridinChild.java:7)
at OverridinChild.task(OverridinChild.java:7)
at OverridinChild.task(OverridinChild.java:7)
at OverridinChild.task(OverridinChild.java:7)
at OverridinChild.task(OverridinChild.java:7)
at OverridinChild.task(OverridinChild.java:7)
at OverridinChild.task(OverridinChild.java:7)
at OverridinChild.task(OverridinChild.java:7)
at OverridinChild.task(OverridinChild.java:7)
at OverridinChild.task(OverridinChild.java:7)
at OverridinChild.task(OverridinChild.java:7)
at OverridinChild.task(OverridinChild.java:7)
at OverridinChild.task(OverridinChild.java:7)
at OverridinChild.task(OverridinChild.java:7)
at OverridinChild.task(OverridinChild.java:7)
at OverridinChild.task(OverridinChild.java:7)
at OverridinChild.task(OverridinChild.java:7)
at OverridinChild.task(OverridinChild.java:7)
at OverridinChild.task(OverridinChild.java:7)
at OverridinChild.task(OverridinChild.java:7)
at OverridinChild.task(OverridinChild.java:7)
at OverridinChild.task(OverridinChild.java:7)
at OverridinChild.task(OverridinChild.java:7)
at OverridinChild.task(OverridinChild.java:7)
at OverridinChild.task(OverridinChild.java:7)
at OverridinChild.task(OverridinChild.java:7)
at OverridinChild.task(OverridinChild.java:7)
at OverridinChild.task(OverridinChild.java:7)
at OverridinChild.task(OverridinChild.java:7)
at OverridinChild.task(OverridinChild.java:7)
at OverridinChild.task(OverridinChild.java:7)
at OverridinChild.task(OverridinChild.java:7)
at OverridinChild.task(OverridinChild.java:7)
at OverridinChild.task(OverridinChild.java:7)
at OverridinChild.task(OverridinChild.java:7)
at OverridinChild.task(OverridinChild.java:7)
at OverridinChild.task(OverridinChild.java:7)
at OverridinChild.task(OverridinChild.java:7)
at OverridinChild.task(OverridinChild.java:7)
at OverridinChild.task(OverridinChild.java:7)
at OverridinChild.task(OverridinChild.java:7)
at OverridinChild.task(OverridinChild.java:7)
at OverridinChild.task(OverridinChild.java:7)
at OverridinChild.task(OverridinChild.java:7)
at OverridinChild.task(OverridinChild.java:7)
at OverridinChild.task(OverridinChild.java:7)
at OverridinChild.task(OverridinChild.java:7)
at OverridinChild.task(OverridinChild.java:7)
at OverridinChild.task(OverridinChild.java:7)
at OverridinChild.task(OverridinChild.java:7)
at OverridinChild.task(OverridinChild.java:7)
at OverridinChild.task(OverridinChild.java:7)
at OverridinChild.task(OverridinChild.java:7)
at OverridinChild.task(OverridinChild.java:7)
at OverridinChild.task(OverridinChild.java:7)
at OverridinChild.task(OverridinChild.java:7)
at OverridinChild.task(OverridinChild.java:7)
at OverridinChild.task(OverridinChild.java:7)
at OverridinChild.task(OverridinChild.java:7)
at OverridinChild.task(OverridinChild.java:7)
at OverridinChild.task(OverridinChild.java:7)
at OverridinChild.task(OverridinChild.java:7)
at OverridinChild.task(OverridinChild.java:7)
at OverridinChild.task(OverridinChild.java:7)
at OverridinChild.task(OverridinChild.java:7)
at OverridinChild.task(OverridinChild.java:7)
at OverridinChild.task(OverridinChild.java:7)
at OverridinChild.task(OverridinChild.java:7)
at OverridinChild.task(OverridinChild.java:7)
at OverridinChild.task(OverridinChild.java:7)
at OverridinChild.task(OverridinChild.java:7)
at OverridinChild.task(OverridinChild.java:7)
at OverridinChild.task(OverridinChild.java:7)
at OverridinChild.task(OverridinChild.java:7)
at OverridinChild.task(OverridinChild.java:7)
at OverridinChild.task(OverridinChild.java:7)
at OverridinChild.task(OverridinChild.java:7)
at OverridinChild.task(OverridinChild.java:7)
at OverridinChild.task(OverridinChild.java:7)
at OverridinChild.task(OverridinChild.java:7)
at OverridinChild.task(OverridinChild.java:7)
at OverridinChild.task(OverridinChild.java:7)
at OverridinChild.task(OverridinChild.java:7)
at OverridinChild.task(OverridinChild.java:7)
at OverridinChild.task(OverridinChild.java:7)
at OverridinChild.task(OverridinChild.java:7)
at OverridinChild.task(OverridinChild.java:7)
at OverridinChild.task(OverridinChild.java:7)
at OverridinChild.task(OverridinChild.java:7)
at OverridinChild.task(OverridinChild.java:7)
at OverridinChild.task(OverridinChild.java:7)
at OverridinChild.task(OverridinChild.java:7)
at OverridinChild.task(OverridinChild.java:7)
at OverridinChild.task(OverridinChild.java:7)
at OverridinChild.task(OverridinChild.java:7)
at OverridinChild.task(OverridinChild.java:7)
at OverridinChild.task(OverridinChild.java:7)
at OverridinChild.task(OverridinChild.java:7)
at OverridinChild.task(OverridinChild.java:7)
at OverridinChild.task(OverridinChild.java:7)
at OverridinChild.task(OverridinChild.java:7)
at OverridinChild.task(OverridinChild.java:7)
at OverridinChild.task(OverridinChild.java:7)
at OverridinChild.task(OverridinChild.java:7)
at OverridinChild.task(OverridinChild.java:7)
at OverridinChild.task(OverridinChild.java:7)
at OverridinChild.task(OverridinChild.java:7)
at OverridinChild.task(OverridinChild.java:7)
at OverridinChild.task(OverridinChild.java:7)
at OverridinChild.task(OverridinChild.java:7)
at OverridinChild.task(OverridinChild.java:7)
at OverridinChild.task(OverridinChild.java:7)
at OverridinChild.task(OverridinChild.java:7)
at OverridinChild.task(OverridinChild.java:7)
at OverridinChild.task(OverridinChild.java:7)
at OverridinChild.task(OverridinChild.java:7)
at OverridinChild.task(OverridinChild.java:7)
at OverridinChild.task(OverridinChild.java:7)
at OverridinChild.task(OverridinChild.java:7)
at OverridinChild.task(OverridinChild.java:7)
at OverridinChild.task(OverridinChild.java:7)
at OverridinChild.task(OverridinChild.java:7)
at OverridinChild.task(OverridinChild.java:7)
at OverridinChild.task(OverridinChild.java:7)
at OverridinChild.task(OverridinChild.java:7)
at OverridinChild.task(OverridinChild.java:7)
at OverridinChild.task(OverridinChild.java:7)
at OverridinChild.task(OverridinChild.java:7)
at OverridinChild.task(OverridinChild.java:7)
at OverridinChild.task(OverridinChild.java:7)
at OverridinChild.task(OverridinChild.java:7)
at OverridinChild.task(OverridinChild.java:7)
at OverridinChild.task(OverridinChild.java:7)
at OverridinChild.task(OverridinChild.java:7)
at OverridinChild.task(OverridinChild.java:7)
at OverridinChild.task(OverridinChild.java:7)
at OverridinChild.task(OverridinChild.java:7)
at OverridinChild.task(OverridinChild.java:7)
at OverridinChild.task(OverridinChild.java:7)
at OverridinChild.task(OverridinChild.java:7)
at OverridinChild.task(OverridinChild.java:7)
at OverridinChild.task(OverridinChild.java:7)
at OverridinChild.task(OverridinChild.java:7)
at OverridinChild.task(OverridinChild.java:7)
at OverridinChild.task(OverridinChild.java:7)
at OverridinChild.task(OverridinChild.java:7)
at OverridinChild.task(OverridinChild.java:7)
at OverridinChild.task(OverridinChild.java:7)
at OverridinChild.task(OverridinChild.java:7)
at OverridinChild.task(OverridinChild.java:7)
at OverridinChild.task(OverridinChild.java:7)
at OverridinChild.task(OverridinChild.java:7)
at OverridinChild.task(OverridinChild.java:7)
at OverridinChild.task(OverridinChild.java:7)
at OverridinChild.task(OverridinChild.java:7)
at OverridinChild.task(OverridinChild.java:7)
at OverridinChild.task(OverridinChild.java:7)
at OverridinChild.task(OverridinChild.java:7)
at OverridinChild.task(OverridinChild.java:7)
at OverridinChild.task(OverridinChild.java:7)
at OverridinChild.task(OverridinChild.java:7)
at OverridinChild.task(OverridinChild.java:7)
at OverridinChild.task(OverridinChild.java:7)
at OverridinChild.task(OverridinChild.java:7)
at OverridinChild.task(OverridinChild.java:7)
at OverridinChild.task(OverridinChild.java:7)
at OverridinChild.task(OverridinChild.java:7)
at OverridinChild.task(OverridinChild.java:7)
at OverridinChild.task(OverridinChild.java:7)
at OverridinChild.task(OverridinChild.java:7)
at OverridinChild.task(OverridinChild.java:7)
at OverridinChild.task(OverridinChild.java:7)
at OverridinChild.task(OverridinChild.java:7)
at OverridinChild.task(OverridinChild.java:7)
at OverridinChild.task(OverridinChild.java:7)
at OverridinChild.task(OverridinChild.java:7)
at OverridinChild.task(OverridinChild.java:7)
at OverridinChild.task(OverridinChild.java:7)
at OverridinChild.task(OverridinChild.java:7)
at OverridinChild.task(OverridinChild.java:7)
at OverridinChild.task(OverridinChild.java:7)
at OverridinChild.task(OverridinChild.java:7)
at OverridinChild.task(OverridinChild.java:7)
at OverridinChild.task(OverridinChild.java:7)
at OverridinChild.task(OverridinChild.java:7)
at OverridinChild.task(OverridinChild.java:7)
at OverridinChild.task(OverridinChild.java:7)
at OverridinChild.task(OverridinChild.java:7)
at OverridinChild.task(OverridinChild.java:7)
at OverridinChild.task(OverridinChild.java:7)
at OverridinChild.task(OverridinChild.java:7)
at OverridinChild.task(OverridinChild.java:7)
at OverridinChild.task(OverridinChild.java:7)
at OverridinChild.task(OverridinChild.java:7)
at OverridinChild.task(OverridinChild.java:7)
at OverridinChild.task(OverridinChild.java:7)
at OverridinChild.task(OverridinChild.java:7)
at OverridinChild.task(OverridinChild.java:7)
at OverridinChild.task(OverridinChild.java:7)
at OverridinChild.task(OverridinChild.java:7)
at OverridinChild.task(OverridinChild.java:7)
at OverridinChild.task(OverridinChild.java:7)
at OverridinChild.task(OverridinChild.java:7)
at OverridinChild.task(OverridinChild.java:7)
at OverridinChild.task(OverridinChild.java:7)
at OverridinChild.task(OverridinChild.java:7)
at OverridinChild.task(OverridinChild.java:7)
at OverridinChild.task(OverridinChild.java:7)
at OverridinChild.task(OverridinChild.java:7)
at OverridinChild.task(OverridinChild.java:7)
at OverridinChild.task(OverridinChild.java:7)
at OverridinChild.task(OverridinChild.java:7)
at OverridinChild.task(OverridinChild.java:7)
at OverridinChild.task(OverridinChild.java:7)
at OverridinChild.task(OverridinChild.java:7)
at OverridinChild.task(OverridinChild.java:7)
at OverridinChild.task(OverridinChild.java:7)
at OverridinChild.task(OverridinChild.java:7)
at OverridinChild.task(OverridinChild.java:7)
at OverridinChild.task(OverridinChild.java:7)
at OverridinChild.task(OverridinChild.java:7)
at OverridinChild.task(OverridinChild.java:7)
at OverridinChild.task(OverridinChild.java:7)
at OverridinChild.task(OverridinChild.java:7)
at OverridinChild.task(OverridinChild.java:7)
at OverridinChild.task(OverridinChild.java:7)
at OverridinChild.task(OverridinChild.java:7)
at OverridinChild.task(OverridinChild.java:7)
at OverridinChild.task(OverridinChild.java:7)
at OverridinChild.task(OverridinChild.java:7)
at OverridinChild.task(OverridinChild.java:7)
at OverridinChild.task(OverridinChild.java:7)
at OverridinChild.task(OverridinChild.java:7)
at OverridinChild.task(OverridinChild.java:7)
at OverridinChild.task(OverridinChild.java:7)
at OverridinChild.task(OverridinChild.java:7)
at OverridinChild.task(OverridinChild.java:7)
at OverridinChild.task(OverridinChild.java:7)
at OverridinChild.task(OverridinChild.java:7)
at OverridinChild.task(OverridinChild.java:7)
at OverridinChild.task(OverridinChild.java:7)
at OverridinChild.task(OverridinChild.java:7)
at OverridinChild.task(OverridinChild.java:7)
at OverridinChild.task(OverridinChild.java:7)
at OverridinChild.task(OverridinChild.java:7)
at OverridinChild.task(OverridinChild.java:7)
at OverridinChild.task(OverridinChild.java:7)
at OverridinChild.task(OverridinChild.java:7)
at OverridinChild.task(OverridinChild.java:7)
at OverridinChild.task(OverridinChild.java:7)
at OverridinChild.task(OverridinChild.java:7)
at OverridinChild.task(OverridinChild.java:7)
at OverridinChild.task(OverridinChild.java:7)
at OverridinChild.task(OverridinChild.java:7)
at OverridinChild.task(OverridinChild.java:7)
at OverridinChild.task(OverridinChild.java:7)
at OverridinChild.task(OverridinChild.java:7)
at OverridinChild.task(OverridinChild.java:7)
at OverridinChild.task(OverridinChild.java:7)
at OverridinChild.task(OverridinChild.java:7)
at OverridinChild.task(OverridinChild.java:7)
at OverridinChild.task(OverridinChild.java:7)
at OverridinChild.task(OverridinChild.java:7)
at OverridinChild.task(OverridinChild.java:7)
at OverridinChild.task(OverridinChild.java:7)
at OverridinChild.task(OverridinChild.java:7)
at OverridinChild.task(OverridinChild.java:7)
at OverridinChild.task(OverridinChild.java:7)
at OverridinChild.task(OverridinChild.java:7)
at OverridinChild.task(OverridinChild.java:7)
at OverridinChild.task(OverridinChild.java:7)
at OverridinChild.task(OverridinChild.java:7)
at OverridinChild.task(OverridinChild.java:7)
at OverridinChild.task(OverridinChild.java:7)
at OverridinChild.task(OverridinChild.java:7)
at OverridinChild.task(OverridinChild.java:7)
at OverridinChild.task(OverridinChild.java:7)
at OverridinChild.task(OverridinChild.java:7)
at OverridinChild.task(OverridinChild.java:7)
at OverridinChild.task(OverridinChild.java:7)
at OverridinChild.task(OverridinChild.java:7)
at OverridinChild.task(OverridinChild.java:7)
at OverridinChild.task(OverridinChild.java:7)
at OverridinChild.task(OverridinChild.java:7)
at OverridinChild.task(OverridinChild.java:7)
at OverridinChild.task(OverridinChild.java:7)
at OverridinChild.task(OverridinChild.java:7)
at OverridinChild.task(OverridinChild.java:7)
at OverridinChild.task(OverridinChild.java:7)
at OverridinChild.task(OverridinChild.java:7)
at OverridinChild.task(OverridinChild.java:7)
at OverridinChild.task(OverridinChild.java:7)
at OverridinChild.task(OverridinChild.java:7)
at OverridinChild.task(OverridinChild.java:7)
at OverridinChild.task(OverridinChild.java:7)
at OverridinChild.task(OverridinChild.java:7)
at OverridinChild.task(OverridinChild.java:7)
at OverridinChild.task(OverridinChild.java:7)
at OverridinChild.task(OverridinChild.java:7)
at OverridinChild.task(OverridinChild.java:7)
at OverridinChild.task(OverridinChild.java:7)
at OverridinChild.task(OverridinChild.java:7)
at OverridinChild.task(OverridinChild.java:7)
at OverridinChild.task(OverridinChild.java:7)
at OverridinChild.task(OverridinChild.java:7)
at OverridinChild.task(OverridinChild.java:7)
at OverridinChild.task(OverridinChild.java:7)
at OverridinChild.task(OverridinChild.java:7)
at OverridinChild.task(OverridinChild.java:7)
at OverridinChild.task(OverridinChild.java:7)
at OverridinChild.task(OverridinChild.java:7)
at OverridinChild.task(OverridinChild.java:7)
at OverridinChild.task(OverridinChild.java:7)
at OverridinChild.task(OverridinChild.java:7)
at OverridinChild.task(OverridinChild.java:7)
at OverridinChild.task(OverridinChild.java:7)
at OverridinChild.task(OverridinChild.java:7)
at OverridinChild.task(OverridinChild.java:7)
at OverridinChild.task(OverridinChild.java:7)
at OverridinChild.task(OverridinChild.java:7)
at OverridinChild.task(OverridinChild.java:7)
at OverridinChild.task(OverridinChild.java:7)
at OverridinChild.task(OverridinChild.java:7)
at OverridinChild.task(OverridinChild.java:7)
at OverridinChild.task(OverridinChild.java:7)
at OverridinChild.task(OverridinChild.java:7)
at OverridinChild.task(OverridinChild.java:7)
at OverridinChild.task(OverridinChild.java:7)
at OverridinChild.task(OverridinChild.java:7)
at OverridinChild.task(OverridinChild.java:7)
at OverridinChild.task(OverridinChild.java:7)
at OverridinChild.task(OverridinChild.java:7)
at OverridinChild.task(OverridinChild.java:7)
at OverridinChild.task(OverridinChild.java:7)
at OverridinChild.task(OverridinChild.java:7)
at OverridinChild.task(OverridinChild.java:7)
at OverridinChild.task(OverridinChild.java:7)
at OverridinChild.task(OverridinChild.java:7)
at OverridinChild.task(OverridinChild.java:7)
at OverridinChild.task(OverridinChild.java:7)
at OverridinChild.task(OverridinChild.java:7)
at OverridinChild.task(OverridinChild.java:7)
at OverridinChild.task(OverridinChild.java:7)
at OverridinChild.task(OverridinChild.java:7)
at OverridinChild.task(OverridinChild.java:7)
at OverridinChild.task(OverridinChild.java:7)
at OverridinChild.task(OverridinChild.java:7)
at OverridinChild.task(OverridinChild.java:7)
at OverridinChild.task(OverridinChild.java:7)
at OverridinChild.task(OverridinChild.java:7)
at OverridinChild.task(OverridinChild.java:7)
at OverridinChild.task(OverridinChild.java:7)
at OverridinChild.task(OverridinChild.java:7)
at OverridinChild.task(OverridinChild.java:7)
at OverridinChild.task(OverridinChild.java:7)
at OverridinChild.task(OverridinChild.java:7)
at OverridinChild.task(OverridinChild.java:7)
at OverridinChild.task(OverridinChild.java:7)
at OverridinChild.task(OverridinChild.java:7)
at OverridinChild.task(OverridinChild.java:7)
at OverridinChild.task(OverridinChild.java:7)
at OverridinChild.task(OverridinChild.java:7)
at OverridinChild.task(OverridinChild.java:7)
at OverridinChild.task(OverridinChild.java:7)
at OverridinChild.task(OverridinChild.java:7)
at OverridinChild.task(OverridinChild.java:7)
at OverridinChild.task(OverridinChild.java:7)
at OverridinChild.task(OverridinChild.java:7)
at OverridinChild.task(OverridinChild.java:7)
at OverridinChild.task(OverridinChild.java:7)
at OverridinChild.task(OverridinChild.java:7)
at OverridinChild.task(OverridinChild.java:7)
at OverridinChild.task(OverridinChild.java:7)
at OverridinChild.task(OverridinChild.java:7)
at OverridinChild.task(OverridinChild.java:7)
at OverridinChild.task(OverridinChild.java:7)
at OverridinChild.task(OverridinChild.java:7)
at OverridinChild.task(OverridinChild.java:7)
at OverridinChild.task(OverridinChild.java:7)
at OverridinChild.task(OverridinChild.java:7)
at OverridinChild.task(OverridinChild.java:7)
at OverridinChild.task(OverridinChild.java:7)
at OverridinChild.task(OverridinChild.java:7)
at OverridinChild.task(OverridinChild.java:7)
at OverridinChild.task(OverridinChild.java:7)
at OverridinChild.task(OverridinChild.java:7)
at OverridinChild.task(OverridinChild.java:7)
at OverridinChild.task(OverridinChild.java:7)
at OverridinChild.task(OverridinChild.java:7)
at OverridinChild.task(OverridinChild.java:7)
at OverridinChild.task(OverridinChild.java:7)
at OverridinChild.task(OverridinChild.java:7)
at OverridinChild.task(OverridinChild.java:7)
at OverridinChild.task(OverridinChild.java:7)
at OverridinChild.task(OverridinChild.java:7)
at OverridinChild.task(OverridinChild.java:7)
at OverridinChild.task(OverridinChild.java:7)
at OverridinChild.task(OverridinChild.java:7)
at OverridinChild.task(OverridinChild.java:7)
at OverridinChild.task(OverridinChild.java:7)
at OverridinChild.task(OverridinChild.java:7)
at OverridinChild.task(OverridinChild.java:7)
at OverridinChild.task(OverridinChild.java:7)
at OverridinChild.task(OverridinChild.java:7)
at OverridinChild.task(OverridinChild.java:7)
at OverridinChild.task(OverridinChild.java:7)
at OverridinChild.task(OverridinChild.java:7)
at OverridinChild.task(OverridinChild.java:7)
at OverridinChild.task(OverridinChild.java:7)
at OverridinChild.task(OverridinChild.java:7)
at OverridinChild.task(OverridinChild.java:7)
at OverridinChild.task(OverridinChild.java:7)
at OverridinChild.task(OverridinChild.java:7)
at OverridinChild.task(OverridinChild.java:7)
at OverridinChild.task(OverridinChild.java:7)
at OverridinChild.task(OverridinChild.java:7)
at OverridinChild.task(OverridinChild.java:7)
at OverridinChild.task(OverridinChild.java:7)
at OverridinChild.task(OverridinChild.java:7)
at OverridinChild.task(OverridinChild.java:7)
at OverridinChild.task(OverridinChild.java:7)
at OverridinChild.task(OverridinChild.java:7)
at OverridinChild.task(OverridinChild.java:7)
at OverridinChild.task(OverridinChild.java:7)
at OverridinChild.task(OverridinChild.java:7)
at OverridinChild.task(OverridinChild.java:7)
at OverridinChild.task(OverridinChild.java:7)
at OverridinChild.task(OverridinChild.java:7)
at OverridinChild.task(OverridinChild.java:7)
at OverridinChild.task(OverridinChild.java:7)
at OverridinChild.task(OverridinChild.java:7)
at OverridinChild.task(OverridinChild.java:7)
at OverridinChild.task(OverridinChild.java:7)
at OverridinChild.task(OverridinChild.java:7)
at OverridinChild.task(OverridinChild.java:7)
at OverridinChild.task(OverridinChild.java:7)
at OverridinChild.task(OverridinChild.java:7)
at OverridinChild.task(OverridinChild.java:7)
at OverridinChild.task(OverridinChild.java:7)
at OverridinChild.task(OverridinChild.java:7)
at OverridinChild.task(OverridinChild.java:7)
at OverridinChild.task(OverridinChild.java:7)
at OverridinChild.task(OverridinChild.java:7)
at OverridinChild.task(OverridinChild.java:7)
at OverridinChild.task(OverridinChild.java:7)
at OverridinChild.task(OverridinChild.java:7)
at OverridinChild.task(OverridinChild.java:7)
at OverridinChild.task(OverridinChild.java:7)
at OverridinChild.task(OverridinChild.java:7)
at OverridinChild.task(OverridinChild.java:7)
at OverridinChild.task(OverridinChild.java:7)
at OverridinChild.task(OverridinChild.java:7)
at OverridinChild.task(OverridinChild.java:7)
at OverridinChild.task(OverridinChild.java:7)
at OverridinChild.task(OverridinChild.java:7)
at OverridinChild.task(OverridinChild.java:7)
at OverridinChild.task(OverridinChild.java:7)
at OverridinChild.task(OverridinChild.java:7)
at OverridinChild.task(OverridinChild.java:7)
at OverridinChild.task(OverridinChild.java:7)
at OverridinChild.task(OverridinChild.java:7)
at OverridinChild.task(OverridinChild.java:7)
at OverridinChild.task(OverridinChild.java:7)
at OverridinChild.task(OverridinChild.java:7)
at OverridinChild.task(OverridinChild.java:7)
at OverridinChild.task(OverridinChild.java:7)
at OverridinChild.task(OverridinChild.java:7)
at OverridinChild.task(OverridinChild.java:7)
at OverridinChild.task(OverridinChild.java:7)
at OverridinChild.task(OverridinChild.java:7)
at OverridinChild.task(OverridinChild.java:7)
at OverridinChild.task(OverridinChild.java:7)
at OverridinChild.task(OverridinChild.java:7)
at OverridinChild.task(OverridinChild.java:7)
at OverridinChild.task(OverridinChild.java:7)
at OverridinChild.task(OverridinChild.java:7)
at OverridinChild.task(OverridinChild.java:7)
at OverridinChild.task(OverridinChild.java:7)
at OverridinChild.task(OverridinChild.java:7)
at OverridinChild.task(OverridinChild.java:7)
at OverridinChild.task(OverridinChild.java:7)
at OverridinChild.task(OverridinChild.java:7)
at OverridinChild.task(OverridinChild.java:7)
at OverridinChild.task(OverridinChild.java:7)
at OverridinChild.task(OverridinChild.java:7)
at OverridinChild.task(OverridinChild.java:7)
at OverridinChild.task(OverridinChild.java:7)
at OverridinChild.task(OverridinChild.java:7)
at OverridinChild.task(OverridinChild.java:7)
at OverridinChild.task(OverridinChild.java:7)
at OverridinChild.task(OverridinChild.java:7)
at OverridinChild.task(OverridinChild.java:7)
at OverridinChild.task(OverridinChild.java:7)
at OverridinChild.task(OverridinChild.java:7)
at OverridinChild.task(OverridinChild.java:7)
at OverridinChild.task(OverridinChild.java:7)
at OverridinChild.task(OverridinChild.java:7)
at OverridinChild.task(OverridinChild.java:7)
at OverridinChild.task(OverridinChild.java:7)
at OverridinChild.task(OverridinChild.java:7)
at OverridinChild.task(OverridinChild.java:7)
at OverridinChild.task(OverridinChild.java:7)
at OverridinChild.task(OverridinChild.java:7)
at OverridinChild.task(OverridinChild.java:7)
at OverridinChild.task(OverridinChild.java:7)
at OverridinChild.task(OverridinChild.java:7)
at OverridinChild.task(OverridinChild.java:7)
at OverridinChild.task(OverridinChild.java:7)
at OverridinChild.task(OverridinChild.java:7)
at OverridinChild.task(OverridinChild.java:7)
at OverridinChild.task(OverridinChild.java:7)
at OverridinChild.task(OverridinChild.java:7)
at OverridinChild.task(OverridinChild.java:7)
at OverridinChild.task(OverridinChild.java:7)
at OverridinChild.task(OverridinChild.java:7)
at OverridinChild.task(OverridinChild.java:7)
at OverridinChild.task(OverridinChild.java:7)
at OverridinChild.task(OverridinChild.java:7)
at OverridinChild.task(OverridinChild.java:7)
at OverridinChild.task(OverridinChild.java:7)
at OverridinChild.task(OverridinChild.java:7)
at OverridinChild.task(OverridinChild.java:7)
at OverridinChild.task(OverridinChild.java:7)
at OverridinChild.task(OverridinChild.java:7)
at OverridinChild.task(OverridinChild.java:7)
at OverridinChild.task(OverridinChild.java:7)
at OverridinChild.task(OverridinChild.java:7)
at OverridinChild.task(OverridinChild.java:7)
at OverridinChild.task(OverridinChild.java:7)
at OverridinChild.task(OverridinChild.java:7)
at OverridinChild.task(OverridinChild.java:7)
at OverridinChild.task(OverridinChild.java:7)
at OverridinChild.task(OverridinChild.java:7)
at OverridinChild.task(OverridinChild.java:7)
at OverridinChild.task(OverridinChild.java:7)
at OverridinChild.task(OverridinChild.java:7)
at OverridinChild.task(OverridinChild.java:7)
at OverridinChild.task(OverridinChild.java:7)
at OverridinChild.task(OverridinChild.java:7)
at OverridinChild.task(OverridinChild.java:7)
at OverridinChild.task(OverridinChild.java:7)
at OverridinChild.task(OverridinChild.java:7)
at OverridinChild.task(OverridinChild.java:7)
at OverridinChild.task(OverridinChild.java:7)
at OverridinChild.task(OverridinChild.java:7)
at OverridinChild.task(OverridinChild.java:7)
at OverridinChild.task(OverridinChild.java:7)
at OverridinChild.task(OverridinChild.java:7)
at OverridinChild.task(OverridinChild.java:7)
at OverridinChild.task(OverridinChild.java:7)
at OverridinChild.task(OverridinChild.java:7)
at OverridinChild.task(OverridinChild.java:7)
at OverridinChild.task(OverridinChild.java:7)
at OverridinChild.task(OverridinChild.java:7)
at OverridinChild.task(OverridinChild.java:7)
at OverridinChild.task(OverridinChild.java:7)
at OverridinChild.task(OverridinChild.java:7)
at OverridinChild.task(OverridinChild.java:7)
at OverridinChild.task(OverridinChild.java:7)
at OverridinChild.task(OverridinChild.java:7)
at OverridinChild.task(OverridinChild.java:7)
at OverridinChild.task(OverridinChild.java:7)
at OverridinChild.task(OverridinChild.java:7)
at OverridinChild.task(OverridinChild.java:7)
at OverridinChild.task(OverridinChild.java:7)
at OverridinChild.task(OverridinChild.java:7)
at OverridinChild.task(OverridinChild.java:7)
at OverridinChild.task(OverridinChild.java:7)
at OverridinChild.task(OverridinChild.java:7)
at OverridinChild.task(OverridinChild.java:7)
at OverridinChild.task(OverridinChild.java:7)
at OverridinChild.task(OverridinChild.java:7)
at OverridinChild.task(OverridinChild.java:7)
at OverridinChild.task(OverridinChild.java:7)
at OverridinChild.task(OverridinChild.java:7)
at OverridinChild.task(OverridinChild.java:7)
at OverridinChild.task(OverridinChild.java:7)
at OverridinChild.task(OverridinChild.java:7)
at OverridinChild.task(OverridinChild.java:7)
at OverridinChild.task(OverridinChild.java:7)
at OverridinChild.task(OverridinChild.java:7)
at OverridinChild.task(OverridinChild.java:7)
at OverridinChild.task(OverridinChild.java:7)
at OverridinChild.task(OverridinChild.java:7)
at OverridinChild.task(OverridinChild.java:7)
at OverridinChild.task(OverridinChild.java:7)
at OverridinChild.task(OverridinChild.java:7)
at OverridinChild.task(OverridinChild.java:7)
at OverridinChild.task(OverridinChild.java:7)
at OverridinChild.task(OverridinChild.java:7)
at OverridinChild.task(OverridinChild.java:7)
at OverridinChild.task(OverridinChild.java:7)
at OverridinChild.task(OverridinChild.java:7)
at OverridinChild.task(OverridinChild.java:7)
at OverridinChild.task(OverridinChild.java:7)
at OverridinChild.task(OverridinChild.java:7)
at OverridinChild.task(OverridinChild.java:7)
at OverridinChild.task(OverridinChild.java:7)
at OverridinChild.task(OverridinChild.java:7)
at OverridinChild.task(OverridinChild.java:7)
at OverridinChild.task(OverridinChild.java:7)
at OverridinChild.task(OverridinChild.java:7)
at OverridinChild.task(OverridinChild.java:7)
at OverridinChild.task(OverridinChild.java:7)
at OverridinChild.task(OverridinChild.java:7)
at OverridinChild.task(OverridinChild.java:7)
at OverridinChild.task(OverridinChild.java:7)
at OverridinChild.task(OverridinChild.java:7)
at OverridinChild.task(OverridinChild.java:7)
at OverridinChild.task(OverridinChild.java:7)
at OverridinChild.task(OverridinChild.java:7)
at OverridinChild.task(OverridinChild.java:7)
at OverridinChild.task(OverridinChild.java:7)
at OverridinChild.task(OverridinChild.java:7)
at OverridinChild.task(OverridinChild.java:7)
at OverridinChild.task(OverridinChild.java:7)
at OverridinChild.task(OverridinChild.java:7)
at OverridinChild.task(OverridinChild.java:7)
at OverridinChild.task(OverridinChild.java:7)
at OverridinChild.task(OverridinChild.java:7)
at OverridinChild.task(OverridinChild.java:7)
at OverridinChild.task(OverridinChild.java:7)
at OverridinChild.task(OverridinChild.java:7)
at OverridinChild.task(OverridinChild.java:7)
at OverridinChild.task(OverridinChild.java:7)
at OverridinChild.task(OverridinChild.java:7)
at OverridinChild.task(OverridinChild.java:7)
at OverridinChild.task(OverridinChild.java:7)
at OverridinChild.task(OverridinChild.java:7)
at OverridinChild.task(OverridinChild.java:7)
at OverridinChild.task(OverridinChild.java:7)
at OverridinChild.task(OverridinChild.java:7)
at OverridinChild.task(OverridinChild.java:7)
at OverridinChild.task(OverridinChild.java:7)
at OverridinChild.task(OverridinChild.java:7)
at OverridinChild.task(OverridinChild.java:7)
at OverridinChild.task(OverridinChild.java:7)
at OverridinChild.task(OverridinChild.java:7)
at OverridinChild.task(OverridinChild.java:7)
at OverridinChild.task(OverridinChild.java:7)
at OverridinChild.task(OverridinChild.java:7)
at OverridinChild.task(OverridinChild.java:7)
at OverridinChild.task(OverridinChild.java:7)
at OverridinChild.task(OverridinChild.java:7)
at OverridinChild.task(OverridinChild.java:7)
at OverridinChild.task(OverridinChild.java:7)
at OverridinChild.task(OverridinChild.java:7)
at OverridinChild.task(OverridinChild.java:7)
at OverridinChild.task(OverridinChild.java:7)
at OverridinChild.task(OverridinChild.java:7)
at OverridinChild.task(OverridinChild.java:7)
at OverridinChild.task(OverridinChild.java:7)
at OverridinChild.task(OverridinChild.java:7)
at OverridinChild.task(OverridinChild.java:7)
at OverridinChild.task(OverridinChild.java:7)
at OverridinChild.task(OverridinChild.java:7)
at OverridinChild.task(OverridinChild.java:7)
at OverridinChild.task(OverridinChild.java:7)
at OverridinChild.task(OverridinChild.java:7)
at OverridinChild.task(OverridinChild.java:7)
at OverridinChild.task(OverridinChild.java:7)
at OverridinChild.task(OverridinChild.java:7)
at OverridinChild.task(OverridinChild.java:7)
at OverridinChild.task(OverridinChild.java:7)
at OverridinChild.task(OverridinChild.java:7)
at OverridinChild.task(OverridinChild.java:7)
at OverridinChild.task(OverridinChild.java:7)
at OverridinChild.task(OverridinChild.java:7)
at OverridinChild.task(OverridinChild.java:7)
at OverridinChild.task(OverridinChild.java:7)
at OverridinChild.task(OverridinChild.java:7)
at OverridinChild.task(OverridinChild.java:7)
at OverridinChild.task(OverridinChild.java:7)
at OverridinChild.task(OverridinChild.java:7)
at OverridinChild.task(OverridinChild.java:7)
at OverridinChild.task(OverridinChild.java:7)
at OverridinChild.task(OverridinChild.java:7)
at OverridinChild.task(OverridinChild.java:7)
at OverridinChild.task(OverridinChild.java:7)
at OverridinChild.task(OverridinChild.java:7)
at OverridinChild.task(OverridinChild.java:7)
at OverridinChild.task(OverridinChild.java:7)
at OverridinChild.task(OverridinChild.java:7)
at OverridinChild.task(OverridinChild.java:7)
at OverridinChild.task(OverridinChild.java:7)
at OverridinChild.task(OverridinChild.java:7)
at OverridinChild.task(OverridinChild.java:7)
at OverridinChild.task(OverridinChild.java:7)
at OverridinChild.task(OverridinChild.java:7)
at OverridinChild.task(OverridinChild.java:7)
at OverridinChild.task(OverridinChild.java:7)
at OverridinChild.task(OverridinChild.java:7)
at OverridinChild.task(OverridinChild.java:7)
at OverridinChild.task(OverridinChild.java:7)
at OverridinChild.task(OverridinChild.java:7)
at OverridinChild.task(OverridinChild.java:7)
at OverridinChild.task(OverridinChild.java:7)
at OverridinChild.task(OverridinChild.java:7)
at OverridinChild.task(OverridinChild.java:7)
at OverridinChild.task(OverridinChild.java:7)
at OverridinChild.task(OverridinChild.java:7)
at OverridinChild.task(OverridinChild.java:7)
at OverridinChild.task(OverridinChild.java:7)
at OverridinChild.task(OverridinChild.java:7)
at OverridinChild.task(OverridinChild.java:7)
at OverridinChild.task(OverridinChild.java:7)
at OverridinChild.task(OverridinChild.java:7)
at OverridinChild.task(OverridinChild.java:7)
at OverridinChild.task(OverridinChild.java:7)
at OverridinChild.task(OverridinChild.java:7)
at OverridinChild.task(OverridinChild.java:7)
at OverridinChild.task(OverridinChild.java:7)
at OverridinChild.task(OverridinChild.java:7)
at OverridinChild.task(OverridinChild.java:7)
at OverridinChild.task(OverridinChild.java:7)
at OverridinChild.task(OverridinChild.java:7)
at OverridinChild.task(OverridinChild.java:7)
at OverridinChild.task(OverridinChild.java:7)
at OverridinChild.task(OverridinChild.java:7)
at OverridinChild.task(OverridinChild.java:7)
at OverridinChild.task(OverridinChild.java:7)
at OverridinChild.task(OverridinChild.java:7)
at OverridinChild.task(OverridinChild.java:7)
at OverridinChild.task(OverridinChild.java:7)
at OverridinChild.task(OverridinChild.java:7)
at OverridinChild.task(OverridinChild.java:7)
at OverridinChild.task(OverridinChild.java:7)
at OverridinChild.task(OverridinChild.java:7)
at OverridinChild.task(OverridinChild.java:7)
at OverridinChild.task(OverridinChild.java:7)
at OverridinChild.task(OverridinChild.java:7)
at OverridinChild.task(OverridinChild.java:7)
at OverridinChild.task(OverridinChild.java:7)
at OverridinChild.task(OverridinChild.java:7)
at OverridinChild.task(OverridinChild.java:7)
at OverridinChild.task(OverridinChild.java:7)
at OverridinChild.task(OverridinChild.java:7)
at OverridinChild.task(OverridinChild.java:7)
at OverridinChild.task(OverridinChild.java:7)
at OverridinChild.task(OverridinChild.java:7)
at OverridinChild.task(OverridinChild.java:7)
at OverridinChild.task(OverridinChild.java:7)
at OverridinChild.task(OverridinChild.java:7)
at OverridinChild.task(OverridinChild.java:7)
at OverridinChild.task(OverridinChild.java:7)
at OverridinChild.task(OverridinChild.java:7)
at OverridinChild.task(OverridinChild.java:7)
at OverridinChild.task(OverridinChild.java:7)
at OverridinChild.task(OverridinChild.java:7)
at OverridinChild.task(OverridinChild.java:7)
at OverridinChild.task(OverridinChild.java:7)
at OverridinChild.task(OverridinChild.java:7)
at OverridinChild.task(OverridinChild.java:7)
at OverridinChild.task(OverridinChild.java:7)
at OverridinChild.task(OverridinChild.java:7)
at OverridinChild.task(OverridinChild.java:7)
at OverridinChild.task(OverridinChild.java:7)
at OverridinChild.task(OverridinChild.java:7)
at OverridinChild.task(OverridinChild.java:7)
at OverridinChild.task(OverridinChild.java:7)
at OverridinChild.task(OverridinChild.java:7)
at OverridinChild.task(OverridinChild.java:7)
at OverridinChild.task(OverridinChild.java:7)
at OverridinChild.task(OverridinChild.java:7)
at OverridinChild.task(OverridinChild.java:7)
at OverridinChild.task(OverridinChild.java:7)
at OverridinChild.task(OverridinChild.java:7)
at OverridinChild.task(OverridinChild.java:7)
at OverridinChild.task(OverridinChild.java:7)
at OverridinChild.task(OverridinChild.java:7)
at OverridinChild.task(OverridinChild.java:7)
at OverridinChild.task(OverridinChild.java:7)
at OverridinChild.task(OverridinChild.java:7)
at OverridinChild.task(OverridinChild.java:7)
at OverridinChild.task(OverridinChild.java:7)
at OverridinChild.task(OverridinChild.java:7)
at OverridinChild.task(OverridinChild.java:7)
at OverridinChild.task(OverridinChild.java:7)
at OverridinChild.task(OverridinChild.java:7)
at OverridinChild.task(OverridinChild.java:7)
at OverridinChild.task(OverridinChild.java:7)
at OverridinChild.task(OverridinChild.java:7)
at OverridinChild.task(OverridinChild.java:7)
at OverridinChild.task(OverridinChild.java:7)
at OverridinChild.task(OverridinChild.java:7)
at OverridinChild.task(OverridinChild.java:7)
at OverridinChild.task(OverridinChild.java:7)
at OverridinChild.task(OverridinChild.java:7)
at OverridinChild.task(OverridinChild.java:7)
at OverridinChild.task(OverridinChild.java:7)
at OverridinChild.task(OverridinChild.java:7)
at OverridinChild.task(OverridinChild.java:7)
at OverridinChild.task(OverridinChild.java:7)
at OverridinChild.task(OverridinChild.java:7)
at OverridinChild.task(OverridinChild.java:7)
at OverridinChild.task(OverridinChild.java:7)
at OverridinChild.task(OverridinChild.java:7)
at OverridinChild.task(OverridinChild.java:7)
at OverridinChild.task(OverridinChild.java:7)
at OverridinChild.task(OverridinChild.java:7)
at OverridinChild.task(OverridinChild.java:7)
at OverridinChild.task(OverridinChild.java:7)
at OverridinChild.task(OverridinChild.java:7)
at OverridinChild.task(OverridinChild.java:7)
at OverridinChild.task(OverridinChild.java:7)
at OverridinChild.task(OverridinChild.java:7)
at OverridinChild.task(OverridinChild.java:7)
at OverridinChild.task(OverridinChild.java:7)
at OverridinChild.task(OverridinChild.java:7)
at OverridinChild.task(OverridinChild.java:7)
at OverridinChild.task(OverridinChild.java:7)
at OverridinChild.task(OverridinChild.java:7)
at OverridinChild.task(OverridinChild.java:7)
at OverridinChild.task(OverridinChild.java:7)
at OverridinChild.task(OverridinChild.java:7)
at OverridinChild.task(OverridinChild.java:7)
at OverridinChild.task(OverridinChild.java:7)
at OverridinChild.task(OverridinChild.java:7)
at OverridinChild.task(OverridinChild.java:7)
at OverridinChild.task(OverridinChild.java:7)
at OverridinChild.task(OverridinChild.java:7)
at OverridinChild.task(OverridinChild.java:7)
at OverridinChild.task(OverridinChild.java:7)
at OverridinChild.task(OverridinChild.java:7)
at OverridinChild.task(OverridinChild.java:7)
at OverridinChild.task(OverridinChild.java:7)
at OverridinChild.task(OverridinChild.java:7)
at OverridinChild.task(OverridinChild.java:7)
at OverridinChild.task(OverridinChild.java:7)
at OverridinChild.task(OverridinChild.java:7)
at OverridinChild.task(OverridinChild.java:7)
at OverridinChild.task(OverridinChild.java:7)
at OverridinChild.task(OverridinChild.java:7)
at OverridinChild.task(OverridinChild.java:7)
at OverridinChild.task(OverridinChild.java:7)
at OverridinChild.task(OverridinChild.java:7)
at OverridinChild.task(OverridinChild.java:7)
at OverridinChild.task(OverridinChild.java:7)
at OverridinChild.task(OverridinChild.java:7)
at OverridinChild.task(OverridinChild.java:7)
at OverridinChild.task(OverridinChild.java:7)
at OverridinChild.task(OverridinChild.java:7)
at OverridinChild.task(OverridinChild.java:7)
at OverridinChild.task(OverridinChild.java:7)
]]>
    </error>
  </testcase> <!-- task -->
</testsuite> <!-- OverridinChild -->
